  pch.cpp
  NeuralNetwork.cpp
C:\Users\User\Desktop\Coding\C++\NeuralNetwokDLL\NeuralNetworkDLL\NeuralNetwork.h(64,38): warning C4251: 'NeuralNetwork::weightsInputHidden': class 'std::vector<std::vector<double,std::allocator<double>>,std::allocator<std::vector<double,std::allocator<double>>>>' needs to have dll-interface to be used by clients of class 'NeuralNetwork'
C:\Users\User\Desktop\Coding\C++\NeuralNetwokDLL\NeuralNetworkDLL\NeuralNetwork.h(22): message : see declaration of 'std::vector<std::vector<double,std::allocator<double>>,std::allocator<std::vector<double,std::allocator<double>>>>'
C:\Users\User\Desktop\Coding\C++\NeuralNetwokDLL\NeuralNetworkDLL\NeuralNetwork.h(65,38): warning C4251: 'NeuralNetwork::weightsHiddenOutput': class 'std::vector<std::vector<double,std::allocator<double>>,std::allocator<std::vector<double,std::allocator<double>>>>' needs to have dll-interface to be used by clients of class 'NeuralNetwork'
C:\Users\User\Desktop\Coding\C++\NeuralNetwokDLL\NeuralNetworkDLL\NeuralNetwork.h(22): message : see declaration of 'std::vector<std::vector<double,std::allocator<double>>,std::allocator<std::vector<double,std::allocator<double>>>>'
C:\Users\User\Desktop\Coding\C++\NeuralNetwokDLL\NeuralNetworkDLL\NeuralNetwork.h(66,25): warning C4251: 'NeuralNetwork::biasesHidden': class 'std::vector<double,std::allocator<double>>' needs to have dll-interface to be used by clients of class 'NeuralNetwork'
C:\Program Files\Microsoft Visual Studio\2022\Community\VC\Tools\MSVC\14.30.30705\include\random(4402): message : see declaration of 'std::vector<double,std::allocator<double>>'
C:\Users\User\Desktop\Coding\C++\NeuralNetwokDLL\NeuralNetworkDLL\NeuralNetwork.h(67,25): warning C4251: 'NeuralNetwork::biasesOutput': class 'std::vector<double,std::allocator<double>>' needs to have dll-interface to be used by clients of class 'NeuralNetwork'
C:\Program Files\Microsoft Visual Studio\2022\Community\VC\Tools\MSVC\14.30.30705\include\random(4402): message : see declaration of 'std::vector<double,std::allocator<double>>'
C:\Users\User\Desktop\Coding\C++\NeuralNetwokDLL\NeuralNetworkDLL\NeuralNetwork.h(70,25): warning C4251: 'NeuralNetwork::inputLayer': class 'std::vector<double,std::allocator<double>>' needs to have dll-interface to be used by clients of class 'NeuralNetwork'
C:\Program Files\Microsoft Visual Studio\2022\Community\VC\Tools\MSVC\14.30.30705\include\random(4402): message : see declaration of 'std::vector<double,std::allocator<double>>'
C:\Users\User\Desktop\Coding\C++\NeuralNetwokDLL\NeuralNetworkDLL\NeuralNetwork.h(71,25): warning C4251: 'NeuralNetwork::hiddenLayer': class 'std::vector<double,std::allocator<double>>' needs to have dll-interface to be used by clients of class 'NeuralNetwork'
C:\Program Files\Microsoft Visual Studio\2022\Community\VC\Tools\MSVC\14.30.30705\include\random(4402): message : see declaration of 'std::vector<double,std::allocator<double>>'
C:\Users\User\Desktop\Coding\C++\NeuralNetwokDLL\NeuralNetworkDLL\NeuralNetwork.h(72,25): warning C4251: 'NeuralNetwork::outputLayer': class 'std::vector<double,std::allocator<double>>' needs to have dll-interface to be used by clients of class 'NeuralNetwork'
C:\Program Files\Microsoft Visual Studio\2022\Community\VC\Tools\MSVC\14.30.30705\include\random(4402): message : see declaration of 'std::vector<double,std::allocator<double>>'
C:\Users\User\Desktop\Coding\C++\NeuralNetwokDLL\NeuralNetworkDLL\NeuralNetwork.h(75,38): warning C4251: 'NeuralNetwork::gradientsInputHidden': class 'std::vector<std::vector<double,std::allocator<double>>,std::allocator<std::vector<double,std::allocator<double>>>>' needs to have dll-interface to be used by clients of class 'NeuralNetwork'
C:\Users\User\Desktop\Coding\C++\NeuralNetwokDLL\NeuralNetworkDLL\NeuralNetwork.h(22): message : see declaration of 'std::vector<std::vector<double,std::allocator<double>>,std::allocator<std::vector<double,std::allocator<double>>>>'
C:\Users\User\Desktop\Coding\C++\NeuralNetwokDLL\NeuralNetworkDLL\NeuralNetwork.h(76,38): warning C4251: 'NeuralNetwork::gradientsHiddenOutput': class 'std::vector<std::vector<double,std::allocator<double>>,std::allocator<std::vector<double,std::allocator<double>>>>' needs to have dll-interface to be used by clients of class 'NeuralNetwork'
C:\Users\User\Desktop\Coding\C++\NeuralNetwokDLL\NeuralNetworkDLL\NeuralNetwork.h(22): message : see declaration of 'std::vector<std::vector<double,std::allocator<double>>,std::allocator<std::vector<double,std::allocator<double>>>>'
C:\Users\User\Desktop\Coding\C++\NeuralNetwokDLL\NeuralNetworkDLL\NeuralNetwork.h(77,25): warning C4251: 'NeuralNetwork::gradientsBiasesHidden': class 'std::vector<double,std::allocator<double>>' needs to have dll-interface to be used by clients of class 'NeuralNetwork'
C:\Program Files\Microsoft Visual Studio\2022\Community\VC\Tools\MSVC\14.30.30705\include\random(4402): message : see declaration of 'std::vector<double,std::allocator<double>>'
C:\Users\User\Desktop\Coding\C++\NeuralNetwokDLL\NeuralNetworkDLL\NeuralNetwork.h(78,25): warning C4251: 'NeuralNetwork::gradientsBiasesOutput': class 'std::vector<double,std::allocator<double>>' needs to have dll-interface to be used by clients of class 'NeuralNetwork'
C:\Program Files\Microsoft Visual Studio\2022\Community\VC\Tools\MSVC\14.30.30705\include\random(4402): message : see declaration of 'std::vector<double,std::allocator<double>>'
     Creating library C:\Users\User\Desktop\Coding\C++\NeuralNetwokDLL\NeuralNetworkDLL\\Debug\NeuralNetworkDLL.lib and object C:\Users\User\Desktop\Coding\C++\NeuralNetwokDLL\NeuralNetworkDLL\\Debug\NeuralNetworkDLL.exp
  NeuralNetworkDLL.vcxproj -> C:\Users\User\Desktop\Coding\C++\NeuralNetwokDLL\NeuralNetworkDLL\Debug\NeuralNetworkDLL.dll
